#
# There is insufficient memory for the Java Runtime Environment to continue.
# Native memory allocation (mmap) failed to map 65536 bytes. Error detail: Failed to commit metaspace.
# Possible reasons:
#   The system is out of physical RAM or swap space
#   This process is running with CompressedOops enabled, and the Java Heap may be blocking the growth of the native heap
# Possible solutions:
#   Reduce memory load on the system
#   Increase physical memory or swap space
#   Check if swap backing store is full
#   Decrease Java heap size (-Xmx/-Xms)
#   Decrease number of Java threads
#   Decrease Java thread stack sizes (-Xss)
#   Set larger code cache with -XX:ReservedCodeCacheSize=
#   JVM is running with Unscaled Compressed Oops mode in which the Java heap is
#     placed in the first 4GB address space. The Java Heap base address is the
#     maximum limit for the native heap growth. Please use -XX:HeapBaseMinAddress
#     to set the Java Heap base and to place the Java Heap above 4GB virtual address.
# This output file may be truncated or incomplete.
#
#  Out of Memory Error (virtualSpaceNode.cpp:113), pid=7004, tid=520
#
# JRE version: OpenJDK Runtime Environment (21.0.5) (build 21.0.5+-13047016-b750.29)
# Java VM: OpenJDK 64-Bit Server VM (21.0.5+-13047016-b750.29, mixed mode, tiered, compressed oops, compressed class ptrs, g1 gc, windows-amd64)
# No core dump will be written. Minidumps are not enabled by default on client versions of Windows
#

---------------  S U M M A R Y ------------

Command Line: -Dorg.gradle.appname=gradlew org.gradle.wrapper.GradleWrapperMain -q -Ptarget-platform=android-arm64 -Ptarget=D:\Documents\Projects\foodtek\lib\main.dart -Pbase-application-name=android.app.Application -Pdart-defines=Zmx1dHRlci5pbnNwZWN0b3Iuc3RydWN0dXJlZEVycm9ycz10cnVl -Pdart-obfuscation=false -Ptrack-widget-creation=true -Ptree-shake-icons=false -Pfilesystem-scheme=org-dartlang-root assembleDebug

Host: Intel(R) Core(TM) i3-4005U CPU @ 1.70GHz, 4 cores, 3G,  Windows 10 , 64 bit Build 19041 (10.0.19041.5794)
Time: Thu May 15 15:20:42 2025 Jordan Standard Time elapsed time: 6.408900 seconds (0d 0h 0m 6s)

---------------  T H R E A D  ---------------

Current thread (0x000001f83f9c4cd0):  JavaThread "main"             [_thread_in_vm, id=520, stack(0x0000005241f00000,0x0000005242000000) (1024K)]

Stack: [0x0000005241f00000,0x0000005242000000]
Native frames: (J=compiled Java code, j=interpreted, Vv=VM code, C=native code)
V  [jvm.dll+0x6cfb29]
V  [jvm.dll+0x85df93]
V  [jvm.dll+0x8604ee]
V  [jvm.dll+0x860bd3]
V  [jvm.dll+0x27e6b6]
V  [jvm.dll+0x858e6e]
V  [jvm.dll+0x673d95]
V  [jvm.dll+0x673dfa]
V  [jvm.dll+0x676656]
V  [jvm.dll+0x676522]
V  [jvm.dll+0x67478e]
V  [jvm.dll+0x26adc0]
V  [jvm.dll+0x21593b]
V  [jvm.dll+0x20ae29]
V  [jvm.dll+0x5b1d63]
V  [jvm.dll+0x21c86b]
V  [jvm.dll+0x7d555c]
V  [jvm.dll+0x7d6602]
V  [jvm.dll+0x7d6bc4]
V  [jvm.dll+0x7d6858]
V  [jvm.dll+0x26d41b]
V  [jvm.dll+0x3d4f2e]
C  0x000001f84c1da82b

The last pc belongs to new (printed below).
Java frames: (J=compiled Java code, j=interpreted, Vv=VM code)
j  jdk.internal.loader.URLClassPath.findResources(Ljava/lang/String;Z)Ljava/util/Enumeration;+0 java.base@21.0.5
j  jdk.internal.loader.BuiltinClassLoader.findResourcesOnClassPath(Ljava/lang/String;)Ljava/util/Enumeration;+19 java.base@21.0.5
j  jdk.internal.loader.BuiltinClassLoader.findResources(Ljava/lang/String;)Ljava/util/Enumeration;+165 java.base@21.0.5
j  java.lang.ClassLoader.getResources(Ljava/lang/String;)Ljava/util/Enumeration;+42 java.base@21.0.5
j  java.util.ServiceLoader$LazyClassPathLookupIterator.nextProviderClass()Ljava/lang/Class;+106 java.base@21.0.5
j  java.util.ServiceLoader$LazyClassPathLookupIterator.hasNextService()Z+15 java.base@21.0.5
j  java.util.ServiceLoader$LazyClassPathLookupIterator.hasNext()Z+11 java.base@21.0.5
j  java.util.ServiceLoader$2.hasNext()Z+16 java.base@21.0.5
j  java.util.ServiceLoader$3.hasNext()Z+32 java.base@21.0.5
j  jdk.internal.logger.BootstrapLogger$DetectBackend$1.run()Ljdk/internal/logger/BootstrapLogger$LoggingBackend;+13 java.base@21.0.5
j  jdk.internal.logger.BootstrapLogger$DetectBackend$1.run()Ljava/lang/Object;+1 java.base@21.0.5
j  java.security.AccessController.executePrivileged(Ljava/security/PrivilegedAction;Ljava/security/AccessControlContext;Ljava/lang/Class;)Ljava/lang/Object;+29 java.base@21.0.5
j  java.security.AccessController.doPrivileged(Ljava/security/PrivilegedAction;)Ljava/lang/Object;+5 java.base@21.0.5
j  jdk.internal.logger.BootstrapLogger$DetectBackend.<clinit>()V+7 java.base@21.0.5
v  ~StubRoutines::call_stub 0x000001f84c1c100d
j  jdk.internal.logger.BootstrapLogger.useLazyLoggers()Z+6 java.base@21.0.5
j  jdk.internal.logger.LazyLoggers.getLazyLogger(Ljava/lang/String;Ljava/lang/Module;)Ljava/lang/System$Logger;+0 java.base@21.0.5
j  jdk.internal.logger.LazyLoggers.getLogger(Ljava/lang/String;Ljava/lang/Module;)Ljava/lang/System$Logger;+9 java.base@21.0.5
j  java.lang.System.getLogger(Ljava/lang/String;)Ljava/lang/System$Logger;+29 java.base@21.0.5
j  java.lang.Shutdown.logRuntimeExit(I)V+2 java.base@21.0.5
j  java.lang.Shutdown.exit(I)V+1 java.base@21.0.5
j  java.lang.Runtime.exit(I)V+14 java.base@21.0.5
j  java.lang.System.exit(I)V+4 java.base@21.0.5
j  org.gradle.launcher.bootstrap.ProcessBootstrap.run(Ljava/lang/String;[Ljava/lang/String;)V+18
j  org.gradle.launcher.GradleMain.main([Ljava/lang/String;)V+61
j  java.lang.invoke.LambdaForm$DMH+0x00000001000c2400.invokeStatic(Ljava/lang/Object;Ljava/lang/Object;)V+10 java.base@21.0.5
j  java.lang.invoke.LambdaForm$MH+0x00000001000c8000.invoke(Ljava/lang/Object;Ljava/lang/Object;Ljava/lang/Object;)Ljava/lang/Object;+33 java.base@21.0.5
j  java.lang.invoke.Invokers$Holder.invokeExact_MT(Ljava/lang/Object;Ljava/lang/Object;Ljava/lang/Object;Ljava/lang/Object;)Ljava/lang/Object;+20 java.base@21.0.5
j  jdk.internal.reflect.DirectMethodHandleAccessor.invokeImpl(Ljava/lang/Object;[Ljava/lang/Object;)Ljava/lang/Object;+55 java.base@21.0.5
j  jdk.internal.reflect.DirectMethodHandleAccessor.invoke(Ljava/lang/Object;[Ljava/lang/Object;)Ljava/lang/Object;+23 java.base@21.0.5
j  java.lang.reflect.Method.invoke(Ljava/lang/Object;[Ljava/lang/Object;)Ljava/lang/Object;+102 java.base@21.0.5
j  org.gradle.wrapper.BootstrapMainStarter.start([Ljava/lang/String;Ljava/io/File;)V+82
j  org.gradle.wrapper.WrapperExecutor.execute([Ljava/lang/String;Lorg/gradle/wrapper/Install;Lorg/gradle/wrapper/BootstrapMainStarter;)V+14
j  org.gradle.wrapper.GradleWrapperMain.main([Ljava/lang/String;)V+190
v  ~StubRoutines::call_stub 0x000001f84c1c100d
new  187 new  [0x000001f84c1da6a0, 0x000001f84c1da8a0]  512 bytes
[MachCode]
  0x000001f84c1da6a0: 4883 ec08 | c5fa 1104 | 24eb 1f48 | 83ec 10c5 | fb11 0424 | eb14 4883 | ec10 4889 | 0424 48c7 
  0x000001f84c1da6c0: 4424 0800 | 0000 00eb | 0150 410f | b755 010f | cac1 ea10 | 488b 4de8 | 488b 4908 | 488b 4908 
  0x000001f84c1da6e0: 488b 4108 | 807c 1004 | 070f 85ca | 0000 0066 | 8b54 d148 | 488b 4928 | 488b 4cd1 | 0851 80b9 
  0x000001f84c1da700: 4101 0000 | 040f 85ad | 0000 008b | 5108 f6c2 | 010f 85a1 | 0000 0049 | 8b87 b801 | 0000 488d 
  0x000001f84c1da720: 1c10 493b | 9fc8 0100 | 000f 8789 | 0000 0049 | 899f b801 | 0000 4883 | ea10 0f84 | 0f00 0000 
  0x000001f84c1da740: 33c9 c1ea | 0348 894c | d008 48ff | ca75 f648 | c700 0100 | 0000 5933 | f689 700c | 48c1 e903 
  0x000001f84c1da760: 8948 0849 | ba41 4726 | 25fb 7f00 | 0041 803a | 000f 843c | 0000 0050 | 488b c848 | 83ec 2040 
  0x000001f84c1da780: f6c4 0f0f | 8419 0000 | 0048 83ec | 0848 b810 | 6ce0 24fb | 7f00 00ff | d048 83c4 | 08e9 0c00 
  0x000001f84c1da7a0: 0000 48b8 | 106c e024 | fb7f 0000 | ffd0 4883 | c420 58e9 | cb00 0000 | 5948 8b55 | e848 8b52 
  0x000001f84c1da7c0: 0848 8b52 | 0845 0fb7 | 4501 410f | c841 c1e8 | 10e8 0500 | 0000 e9a8 | 0000 0048 | 8d44 2408 
  0x000001f84c1da7e0: 4c89 6dc0 | 498b cfc5 | f877 4989 | afa8 0300 | 0049 8987 | 9803 0000 | 4883 ec20 | 40f6 c40f 
  0x000001f84c1da800: 0f84 1900 | 0000 4883 | ec08 48b8 | e04e aa24 | fb7f 0000 | ffd0 4883 | c408 e90c | 0000 0048 
  0x000001f84c1da820: b8e0 4eaa | 24fb 7f00 | 00ff d048 | 83c4 2049 | c787 9803 | 0000 0000 | 0000 49c7 | 87a8 0300 
  0x000001f84c1da840: 0000 0000 | 0049 c787 | a003 0000 | 0000 0000 | c5f8 7749 | 837f 0800 | 0f84 0500 | 0000 e99d 
  0x000001f84c1da860: 66fe ff49 | 8b87 f003 | 0000 49c7 | 87f0 0300 | 0000 0000 | 004c 8b6d | c04c 8b75 | c84e 8d74 
  0x000001f84c1da880: f500 c341 | 0fb6 5d03 | 4983 c503 | 49ba 3011 | 2925 fb7f | 0000 41ff | 24da 660f | 1f44 0000 
[/MachCode]

---------------  P R O C E S S  ---------------

Threads class SMR info:
_java_thread_list=0x000001f857920d80, length=11, elements={
0x000001f83f9c4cd0, 0x000001f8577b0480, 0x000001f85754fd00, 0x000001f85755ab40,
0x000001f85755b590, 0x000001f85755bfe0, 0x000001f85755ca30, 0x000001f85755d7b0,
0x000001f857566a10, 0x000001f857945290, 0x000001f85796b950
}

Java Threads: ( => current thread )
=>0x000001f83f9c4cd0 JavaThread "main"                              [_thread_in_vm, id=520, stack(0x0000005241f00000,0x0000005242000000) (1024K)]
  0x000001f8577b0480 JavaThread "Reference Handler"          daemon [_thread_blocked, id=8988, stack(0x0000005242700000,0x0000005242800000) (1024K)]
  0x000001f85754fd00 JavaThread "Finalizer"                  daemon [_thread_blocked, id=7260, stack(0x0000005242800000,0x0000005242900000) (1024K)]
  0x000001f85755ab40 JavaThread "Signal Dispatcher"          daemon [_thread_blocked, id=10044, stack(0x0000005242900000,0x0000005242a00000) (1024K)]
  0x000001f85755b590 JavaThread "Attach Listener"            daemon [_thread_blocked, id=5164, stack(0x0000005242a00000,0x0000005242b00000) (1024K)]
  0x000001f85755bfe0 JavaThread "Service Thread"             daemon [_thread_blocked, id=4552, stack(0x0000005242b00000,0x0000005242c00000) (1024K)]
  0x000001f85755ca30 JavaThread "Monitor Deflation Thread"   daemon [_thread_blocked, id=1664, stack(0x0000005242c00000,0x0000005242d00000) (1024K)]
  0x000001f85755d7b0 JavaThread "C2 CompilerThread0"         daemon [_thread_blocked, id=5652, stack(0x0000005242d00000,0x0000005242e00000) (1024K)]
  0x000001f857566a10 JavaThread "C1 CompilerThread0"         daemon [_thread_in_vm, id=7560, stack(0x0000005242e00000,0x0000005242f00000) (1024K)]
  0x000001f857945290 JavaThread "Notification Thread"        daemon [_thread_blocked, id=7068, stack(0x0000005242f00000,0x0000005243000000) (1024K)]
  0x000001f85796b950 JavaThread "Common-Cleaner"             daemon [_thread_blocked, id=1160, stack(0x0000005243000000,0x0000005243100000) (1024K)]
Total: 11

Other Threads:
  0x000001f8574ca1c0 VMThread "VM Thread"                           [id=7540, stack(0x0000005242600000,0x0000005242700000) (1024K)] _threads_hazard_ptr=0x000001f857920d80
  0x000001f85748aa00 WatcherThread "VM Periodic Task Thread"        [id=856, stack(0x0000005242500000,0x0000005242600000) (1024K)]
  0x000001f841b66dc0 WorkerThread "GC Thread#0"                     [id=5576, stack(0x0000005242000000,0x0000005242100000) (1024K)]
  0x000001f85c07b830 WorkerThread "GC Thread#1"                     [id=9088, stack(0x0000005243100000,0x0000005243200000) (1024K)]
  0x000001f857806360 WorkerThread "GC Thread#2"                     [id=7336, stack(0x0000005243200000,0x0000005243300000) (1024K)]
  0x000001f857806700 WorkerThread "GC Thread#3"                     [id=10904, stack(0x0000005243300000,0x0000005243400000) (1024K)]
  0x000001f841b6fb60 ConcurrentGCThread "G1 Main Marker"            [id=860, stack(0x0000005242100000,0x0000005242200000) (1024K)]
  0x000001f841b70d10 WorkerThread "G1 Conc#0"                       [id=4628, stack(0x0000005242200000,0x0000005242300000) (1024K)]
  0x000001f841bcab30 ConcurrentGCThread "G1 Refine#0"               [id=712, stack(0x0000005242300000,0x0000005242400000) (1024K)]
  0x000001f841bcd4c0 ConcurrentGCThread "G1 Service"                [id=4296, stack(0x0000005242400000,0x0000005242500000) (1024K)]
Total: 10

Threads with active compile tasks:
C1 CompilerThread0  6573  733       3       java.util.concurrent.ConcurrentHashMap$BaseIterator::hasNext (13 bytes)
Total: 1

VM state: synchronizing (normal execution)

VM Mutex/Monitor currently owned by a thread:  ([mutex/lock_event])
[0x00007ffb2527b160] Metaspace_lock - owner thread: 0x000001f83f9c4cd0
[0x00007ffb2527d360] Threads_lock - owner thread: 0x000001f8574ca1c0

OutOfMemory and StackOverflow Exception counts:
OutOfMemoryError java_heap_errors=1
LinkageErrors=5

Heap address: 0x00000000c1600000, size: 1002 MB, Compressed Oops mode: 32-bit

CDS archive(s) not mapped
Compressed class space mapped at: 0x0000000100000000-0x0000000140000000, reserved size: 1073741824
Narrow klass base: 0x0000000000000000, Narrow klass shift: 3, Narrow klass range: 0x140000000

GC Precious Log:
 CardTable entry size: 512
 Card Set container configuration: InlinePtr #cards 5 size 8 Array Of Cards #cards 12 size 40 Howl #buckets 4 coarsen threshold 1843 Howl Bitmap #cards 512 size 80 coarsen threshold 460 Card regions per heap region 1 cards per card region 2048
 CPUs: 4 total, 4 available
 Memory: 4000M
 Large Page Support: Disabled
 NUMA Support: Disabled
 Compressed Oops: Enabled (32-bit)
 Heap Region Size: 1M
 Heap Min Capacity: 8M
 Heap Initial Capacity: 64M
 Heap Max Capacity: 1002M
 Pre-touch: Disabled
 Parallel Workers: 4
 Concurrent Workers: 1
 Concurrent Refinement Workers: 4
 Periodic GC: Disabled

Heap:
 garbage-first heap   total 65536K, used 8704K [0x00000000c1600000, 0x0000000100000000)
  region size 1024K, 11 young (11264K), 2 survivors (2048K)
 Metaspace       used 9037K, committed 9216K, reserved 1114112K
  class space    used 807K, committed 896K, reserved 1048576K

Heap Regions: E=young(eden), S=young(survivor), O=old, HS=humongous(starts), HC=humongous(continues), CS=collection set, F=free, TAMS=top-at-mark-start, PB=parsable bottom
|   0|0x00000000c1600000, 0x00000000c1600000, 0x00000000c1700000|  0%| F|  |TAMS 0x00000000c1600000| PB 0x00000000c1600000| Untracked 
|   1|0x00000000c1700000, 0x00000000c1700000, 0x00000000c1800000|  0%| F|  |TAMS 0x00000000c1700000| PB 0x00000000c1700000| Untracked 
|   2|0x00000000c1800000, 0x00000000c1800000, 0x00000000c1900000|  0%| F|  |TAMS 0x00000000c1800000| PB 0x00000000c1800000| Untracked 
|   3|0x00000000c1900000, 0x00000000c1900000, 0x00000000c1a00000|  0%| F|  |TAMS 0x00000000c1900000| PB 0x00000000c1900000| Untracked 
|   4|0x00000000c1a00000, 0x00000000c1a00000, 0x00000000c1b00000|  0%| F|  |TAMS 0x00000000c1a00000| PB 0x00000000c1a00000| Untracked 
|   5|0x00000000c1b00000, 0x00000000c1b00000, 0x00000000c1c00000|  0%| F|  |TAMS 0x00000000c1b00000| PB 0x00000000c1b00000| Untracked 
|   6|0x00000000c1c00000, 0x00000000c1c00000, 0x00000000c1d00000|  0%| F|  |TAMS 0x00000000c1c00000| PB 0x00000000c1c00000| Untracked 
|   7|0x00000000c1d00000, 0x00000000c1d00000, 0x00000000c1e00000|  0%| F|  |TAMS 0x00000000c1d00000| PB 0x00000000c1d00000| Untracked 
|   8|0x00000000c1e00000, 0x00000000c1e00000, 0x00000000c1f00000|  0%| F|  |TAMS 0x00000000c1e00000| PB 0x00000000c1e00000| Untracked 
|   9|0x00000000c1f00000, 0x00000000c1f00000, 0x00000000c2000000|  0%| F|  |TAMS 0x00000000c1f00000| PB 0x00000000c1f00000| Untracked 
|  10|0x00000000c2000000, 0x00000000c2000000, 0x00000000c2100000|  0%| F|  |TAMS 0x00000000c2000000| PB 0x00000000c2000000| Untracked 
|  11|0x00000000c2100000, 0x00000000c2100000, 0x00000000c2200000|  0%| F|  |TAMS 0x00000000c2100000| PB 0x00000000c2100000| Untracked 
|  12|0x00000000c2200000, 0x00000000c2200000, 0x00000000c2300000|  0%| F|  |TAMS 0x00000000c2200000| PB 0x00000000c2200000| Untracked 
|  13|0x00000000c2300000, 0x00000000c2300000, 0x00000000c2400000|  0%| F|  |TAMS 0x00000000c2300000| PB 0x00000000c2300000| Untracked 
|  14|0x00000000c2400000, 0x00000000c2400000, 0x00000000c2500000|  0%| F|  |TAMS 0x00000000c2400000| PB 0x00000000c2400000| Untracked 
|  15|0x00000000c2500000, 0x00000000c2500000, 0x00000000c2600000|  0%| F|  |TAMS 0x00000000c2500000| PB 0x00000000c2500000| Untracked 
|  16|0x00000000c2600000, 0x00000000c2600000, 0x00000000c2700000|  0%| F|  |TAMS 0x00000000c2600000| PB 0x00000000c2600000| Untracked 
|  17|0x00000000c2700000, 0x00000000c2700000, 0x00000000c2800000|  0%| F|  |TAMS 0x00000000c2700000| PB 0x00000000c2700000| Untracked 
|  18|0x00000000c2800000, 0x00000000c2800000, 0x00000000c2900000|  0%| F|  |TAMS 0x00000000c2800000| PB 0x00000000c2800000| Untracked 
|  19|0x00000000c2900000, 0x00000000c2900000, 0x00000000c2a00000|  0%| F|  |TAMS 0x00000000c2900000| PB 0x00000000c2900000| Untracked 
|  20|0x00000000c2a00000, 0x00000000c2a00000, 0x00000000c2b00000|  0%| F|  |TAMS 0x00000000c2a00000| PB 0x00000000c2a00000| Untracked 
|  21|0x00000000c2b00000, 0x00000000c2b00000, 0x00000000c2c00000|  0%| F|  |TAMS 0x00000000c2b00000| PB 0x00000000c2b00000| Untracked 
|  22|0x00000000c2c00000, 0x00000000c2c00000, 0x00000000c2d00000|  0%| F|  |TAMS 0x00000000c2c00000| PB 0x00000000c2c00000| Untracked 
|  23|0x00000000c2d00000, 0x00000000c2d00000, 0x00000000c2e00000|  0%| F|  |TAMS 0x00000000c2d00000| PB 0x00000000c2d00000| Untracked 
|  24|0x00000000c2e00000, 0x00000000c2e00000, 0x00000000c2f00000|  0%| F|  |TAMS 0x00000000c2e00000| PB 0x00000000c2e00000| Untracked 
|  25|0x00000000c2f00000, 0x00000000c2f00000, 0x00000000c3000000|  0%| F|  |TAMS 0x00000000c2f00000| PB 0x00000000c2f00000| Untracked 
|  26|0x00000000c3000000, 0x00000000c3000000, 0x00000000c3100000|  0%| F|  |TAMS 0x00000000c3000000| PB 0x00000000c3000000| Untracked 
|  27|0x00000000c3100000, 0x00000000c3100000, 0x00000000c3200000|  0%| F|  |TAMS 0x00000000c3100000| PB 0x00000000c3100000| Untracked 
|  28|0x00000000c3200000, 0x00000000c3200000, 0x00000000c3300000|  0%| F|  |TAMS 0x00000000c3200000| PB 0x00000000c3200000| Untracked 
|  29|0x00000000c3300000, 0x00000000c3300000, 0x00000000c3400000|  0%| F|  |TAMS 0x00000000c3300000| PB 0x00000000c3300000| Untracked 
|  30|0x00000000c3400000, 0x00000000c3400000, 0x00000000c3500000|  0%| F|  |TAMS 0x00000000c3400000| PB 0x00000000c3400000| Untracked 
|  31|0x00000000c3500000, 0x00000000c3500000, 0x00000000c3600000|  0%| F|  |TAMS 0x00000000c3500000| PB 0x00000000c3500000| Untracked 
|  32|0x00000000c3600000, 0x00000000c3600000, 0x00000000c3700000|  0%| F|  |TAMS 0x00000000c3600000| PB 0x00000000c3600000| Untracked 
|  33|0x00000000c3700000, 0x00000000c3700000, 0x00000000c3800000|  0%| F|  |TAMS 0x00000000c3700000| PB 0x00000000c3700000| Untracked 
|  34|0x00000000c3800000, 0x00000000c3800000, 0x00000000c3900000|  0%| F|  |TAMS 0x00000000c3800000| PB 0x00000000c3800000| Untracked 
|  35|0x00000000c3900000, 0x00000000c3900000, 0x00000000c3a00000|  0%| F|  |TAMS 0x00000000c3900000| PB 0x00000000c3900000| Untracked 
|  36|0x00000000c3a00000, 0x00000000c3a00000, 0x00000000c3b00000|  0%| F|  |TAMS 0x00000000c3a00000| PB 0x00000000c3a00000| Untracked 
|  37|0x00000000c3b00000, 0x00000000c3b00000, 0x00000000c3c00000|  0%| F|  |TAMS 0x00000000c3b00000| PB 0x00000000c3b00000| Untracked 
|  38|0x00000000c3c00000, 0x00000000c3c00000, 0x00000000c3d00000|  0%| F|  |TAMS 0x00000000c3c00000| PB 0x00000000c3c00000| Untracked 
|  39|0x00000000c3d00000, 0x00000000c3d00000, 0x00000000c3e00000|  0%| F|  |TAMS 0x00000000c3d00000| PB 0x00000000c3d00000| Untracked 
|  40|0x00000000c3e00000, 0x00000000c3e00000, 0x00000000c3f00000|  0%| F|  |TAMS 0x00000000c3e00000| PB 0x00000000c3e00000| Untracked 
|  41|0x00000000c3f00000, 0x00000000c3f00000, 0x00000000c4000000|  0%| F|  |TAMS 0x00000000c3f00000| PB 0x00000000c3f00000| Untracked 
|  42|0x00000000c4000000, 0x00000000c4000000, 0x00000000c4100000|  0%| F|  |TAMS 0x00000000c4000000| PB 0x00000000c4000000| Untracked 
|  43|0x00000000c4100000, 0x00000000c4100000, 0x00000000c4200000|  0%| F|  |TAMS 0x00000000c4100000| PB 0x00000000c4100000| Untracked 
|  44|0x00000000c4200000, 0x00000000c4200000, 0x00000000c4300000|  0%| F|  |TAMS 0x00000000c4200000| PB 0x00000000c4200000| Untracked 
|  45|0x00000000c4300000, 0x00000000c4300000, 0x00000000c4400000|  0%| F|  |TAMS 0x00000000c4300000| PB 0x00000000c4300000| Untracked 
|  46|0x00000000c4400000, 0x00000000c4400000, 0x00000000c4500000|  0%| F|  |TAMS 0x00000000c4400000| PB 0x00000000c4400000| Untracked 
|  47|0x00000000c4500000, 0x00000000c4500000, 0x00000000c4600000|  0%| F|  |TAMS 0x00000000c4500000| PB 0x00000000c4500000| Untracked 
|  48|0x00000000c4600000, 0x00000000c4600000, 0x00000000c4700000|  0%| F|  |TAMS 0x00000000c4600000| PB 0x00000000c4600000| Untracked 
|  49|0x00000000c4700000, 0x00000000c4780000, 0x00000000c4800000| 50%| S|CS|TAMS 0x00000000c4700000| PB 0x00000000c4700000| Complete 
|  50|0x00000000c4800000, 0x00000000c4900000, 0x00000000c4900000|100%| S|CS|TAMS 0x00000000c4800000| PB 0x00000000c4800000| Complete 
|  51|0x00000000c4900000, 0x00000000c4900000, 0x00000000c4a00000|  0%| F|  |TAMS 0x00000000c4900000| PB 0x00000000c4900000| Untracked 
|  52|0x00000000c4a00000, 0x00000000c4a00000, 0x00000000c4b00000|  0%| F|  |TAMS 0x00000000c4a00000| PB 0x00000000c4a00000| Untracked 
|  53|0x00000000c4b00000, 0x00000000c4b00000, 0x00000000c4c00000|  0%| F|  |TAMS 0x00000000c4b00000| PB 0x00000000c4b00000| Untracked 
|  54|0x00000000c4c00000, 0x00000000c4c00000, 0x00000000c4d00000|  0%| F|  |TAMS 0x00000000c4c00000| PB 0x00000000c4c00000| Untracked 
|  55|0x00000000c4d00000, 0x00000000c4dc53d0, 0x00000000c4e00000| 77%| E|  |TAMS 0x00000000c4d00000| PB 0x00000000c4d00000| Complete 
|  56|0x00000000c4e00000, 0x00000000c4f00000, 0x00000000c4f00000|100%| E|  |TAMS 0x00000000c4e00000| PB 0x00000000c4e00000| Complete 
|  57|0x00000000c4f00000, 0x00000000c5000000, 0x00000000c5000000|100%| E|CS|TAMS 0x00000000c4f00000| PB 0x00000000c4f00000| Complete 
|  58|0x00000000c5000000, 0x00000000c5100000, 0x00000000c5100000|100%| E|CS|TAMS 0x00000000c5000000| PB 0x00000000c5000000| Complete 
|  59|0x00000000c5100000, 0x00000000c5200000, 0x00000000c5200000|100%| E|CS|TAMS 0x00000000c5100000| PB 0x00000000c5100000| Complete 
|  60|0x00000000c5200000, 0x00000000c5300000, 0x00000000c5300000|100%| E|CS|TAMS 0x00000000c5200000| PB 0x00000000c5200000| Complete 
|  61|0x00000000c5300000, 0x00000000c5400000, 0x00000000c5400000|100%| E|CS|TAMS 0x00000000c5300000| PB 0x00000000c5300000| Complete 
|  62|0x00000000c5400000, 0x00000000c5500000, 0x00000000c5500000|100%| E|CS|TAMS 0x00000000c5400000| PB 0x00000000c5400000| Complete 
|  63|0x00000000c5500000, 0x00000000c5600000, 0x00000000c5600000|100%| E|CS|TAMS 0x00000000c5500000| PB 0x00000000c5500000| Complete 

Card table byte_map: [0x000001f853e90000,0x000001f854090000] _byte_map_base: 0x000001f853885000

Marking Bits: (CMBitMap*) 0x000001f841b673d0
 Bits: [0x000001f854090000, 0x000001f855038000)

Polling page: 0x000001f83f970000

Metaspace:

Usage:
  Non-class:      8.04 MB used.
      Class:    807.75 KB used.
       Both:      8.83 MB used.

Virtual space:
  Non-class space:       64.00 MB reserved,       8.12 MB ( 13%) committed,  1 nodes.
      Class space:        1.00 GB reserved,     896.00 KB ( <1%) committed,  1 nodes.
             Both:        1.06 GB reserved,       9.00 MB ( <1%) committed. 

Chunk freelists:
   Non-Class:  7.00 MB
       Class:  15.17 MB
        Both:  22.17 MB

MaxMetaspaceSize: unlimited
CompressedClassSpaceSize: 1.00 GB
Initial GC threshold: 21.00 MB
Current GC threshold: 21.00 MB
CDS: off
 - commit_granule_bytes: 65536.
 - commit_granule_words: 8192.
 - virtual_space_node_default_size: 8388608.
 - enlarge_chunks_in_place: 1.
 - use_allocation_guard: 0.


Internal statistics:

num_allocs_failed_limit: 0.
num_arena_births: 26.
num_arena_deaths: 0.
num_vsnodes_births: 2.
num_vsnodes_deaths: 0.
num_space_committed: 144.
num_space_uncommitted: 0.
num_chunks_returned_to_freelist: 0.
num_chunks_taken_from_freelist: 77.
num_chunk_merges: 0.
num_chunk_splits: 37.
num_chunks_enlarged: 25.
num_inconsistent_stats: 0.

CodeHeap 'non-profiled nmethods': size=120000Kb used=286Kb max_used=286Kb free=119713Kb
 bounds [0x000001f84c760000, 0x000001f84c9d0000, 0x000001f853c90000]
CodeHeap 'profiled nmethods': size=120000Kb used=1254Kb max_used=1254Kb free=118746Kb
 bounds [0x000001f844c90000, 0x000001f844f00000, 0x000001f84c1c0000]
CodeHeap 'non-nmethods': size=5760Kb used=1299Kb max_used=1315Kb free=4460Kb
 bounds [0x000001f84c1c0000, 0x000001f84c430000, 0x000001f84c760000]
 total_blobs=1163 nmethods=732 adapters=336
 compilation: enabled
              stopped_count=0, restarted_count=0
 full_count=0

Compilation events (20 events):
Event: 6.341 Thread 0x000001f857566a10 nmethod 722 0x000001f84c7a5e90 code [0x000001f84c7a6020, 0x000001f84c7a6130]
Event: 6.341 Thread 0x000001f857566a10  723       1       java.util.concurrent.locks.AbstractOwnableSynchronizer::getExclusiveOwnerThread (5 bytes)
Event: 6.341 Thread 0x000001f857566a10 nmethod 723 0x000001f84c7a6190 code [0x000001f84c7a6320, 0x000001f84c7a63e8]
Event: 6.341 Thread 0x000001f857566a10  724       1       java.util.concurrent.locks.AbstractQueuedSynchronizer::getState (5 bytes)
Event: 6.341 Thread 0x000001f857566a10 nmethod 724 0x000001f84c7a6490 code [0x000001f84c7a6620, 0x000001f84c7a66e8]
Event: 6.341 Thread 0x000001f857566a10  725       1       java.util.concurrent.locks.AbstractQueuedSynchronizer::setState (6 bytes)
Event: 6.341 Thread 0x000001f857566a10 nmethod 725 0x000001f84c7a6790 code [0x000001f84c7a6920, 0x000001f84c7a69f0]
Event: 6.387 Thread 0x000001f857566a10  727       3       java.lang.invoke.LambdaForm::argument (27 bytes)
Event: 6.387 Thread 0x000001f857566a10 nmethod 727 0x000001f844dc8290 code [0x000001f844dc8460, 0x000001f844dc86c0]
Event: 6.389 Thread 0x000001f857566a10  728       1       java.lang.Module::getDescriptor (5 bytes)
Event: 6.389 Thread 0x000001f857566a10 nmethod 728 0x000001f84c7a6e90 code [0x000001f84c7a7020, 0x000001f84c7a70e8]
Event: 6.389 Thread 0x000001f857566a10  729       1       java.lang.module.ModuleDescriptor::provides (5 bytes)
Event: 6.390 Thread 0x000001f857566a10 nmethod 729 0x000001f84c7a7190 code [0x000001f84c7a7320, 0x000001f84c7a73e8]
Event: 6.391 Thread 0x000001f85755d7b0  730       4       java.nio.DirectByteBuffer::ix (10 bytes)
Event: 6.392 Thread 0x000001f85755d7b0 nmethod 730 0x000001f84c7a7490 code [0x000001f84c7a7620, 0x000001f84c7a76b0]
Event: 6.392 Thread 0x000001f857566a10  731       1       jdk.internal.jimage.ImageHeader::getTableLength (5 bytes)
Event: 6.392 Thread 0x000001f857566a10 nmethod 731 0x000001f84c7a7790 code [0x000001f84c7a7920, 0x000001f84c7a79e8]
Event: 6.392 Thread 0x000001f857566a10  732       3       java.util.concurrent.ConcurrentHashMap$Traverser::advance (188 bytes)
Event: 6.393 Thread 0x000001f857566a10 nmethod 732 0x000001f844dc8810 code [0x000001f844dc8a60, 0x000001f844dc9570]
Event: 6.394 Thread 0x000001f857566a10  733       3       java.util.concurrent.ConcurrentHashMap$BaseIterator::hasNext (13 bytes)

GC Heap History (2 events):
Event: 5.221 GC heap before
{Heap before GC invocations=0 (full 0):
 garbage-first heap   total 65536K, used 13312K [0x00000000c1600000, 0x0000000100000000)
  region size 1024K, 13 young (13312K), 0 survivors (0K)
 Metaspace       used 8421K, committed 8576K, reserved 1114112K
  class space    used 749K, committed 832K, reserved 1048576K
}
Event: 5.446 GC heap after
{Heap after GC invocations=1 (full 0):
 garbage-first heap   total 65536K, used 1536K [0x00000000c1600000, 0x0000000100000000)
  region size 1024K, 2 young (2048K), 2 survivors (2048K)
 Metaspace       used 8421K, committed 8576K, reserved 1114112K
  class space    used 749K, committed 832K, reserved 1048576K
}

Dll operation events (3 events):
Event: 0.014 Loaded shared library D:\Android studio\jbr\bin\java.dll
Event: 0.026 Loaded shared library D:\Android studio\jbr\bin\zip.dll
Event: 0.620 Loaded shared library D:\Android studio\jbr\bin\verify.dll

Deoptimization events (20 events):
Event: 5.634 Thread 0x000001f83f9c4cd0 Uncommon trap: trap_request=0xffffff45 fr.pc=0x000001f84c792f70 relative=0x0000000000000750
Event: 5.634 Thread 0x000001f83f9c4cd0 Uncommon trap: reason=unstable_if action=reinterpret pc=0x000001f84c792f70 method=java.util.HashMap.putVal(ILjava/lang/Object;Ljava/lang/Object;ZZ)Ljava/lang/Object; @ 81 c2
Event: 5.634 Thread 0x000001f83f9c4cd0 DEOPT PACKING pc=0x000001f84c792f70 sp=0x0000005241ffe920
Event: 5.634 Thread 0x000001f83f9c4cd0 DEOPT UNPACKING pc=0x000001f84c2146a2 sp=0x0000005241ffe830 mode 2
Event: 5.635 Thread 0x000001f83f9c4cd0 Uncommon trap: trap_request=0xffffff45 fr.pc=0x000001f84c792040 relative=0x00000000000007a0
Event: 5.635 Thread 0x000001f83f9c4cd0 Uncommon trap: reason=unstable_if action=reinterpret pc=0x000001f84c792040 method=java.util.HashMap.putVal(ILjava/lang/Object;Ljava/lang/Object;ZZ)Ljava/lang/Object; @ 81 c2
Event: 5.635 Thread 0x000001f83f9c4cd0 DEOPT PACKING pc=0x000001f84c792040 sp=0x0000005241ffe870
Event: 5.635 Thread 0x000001f83f9c4cd0 DEOPT UNPACKING pc=0x000001f84c2146a2 sp=0x0000005241ffe820 mode 2
Event: 5.839 Thread 0x000001f83f9c4cd0 Uncommon trap: trap_request=0xffffff45 fr.pc=0x000001f84c791064 relative=0x0000000000000224
Event: 5.839 Thread 0x000001f83f9c4cd0 Uncommon trap: reason=unstable_if action=reinterpret pc=0x000001f84c791064 method=java.io.WinNTFileSystem.normalize(Ljava/lang/String;)Ljava/lang/String; @ 104 c2
Event: 5.839 Thread 0x000001f83f9c4cd0 DEOPT PACKING pc=0x000001f84c791064 sp=0x0000005241ffe060
Event: 5.839 Thread 0x000001f83f9c4cd0 DEOPT UNPACKING pc=0x000001f84c2146a2 sp=0x0000005241ffdfe8 mode 2
Event: 5.844 Thread 0x000001f83f9c4cd0 Uncommon trap: trap_request=0xffffff45 fr.pc=0x000001f84c784644 relative=0x0000000000000824
Event: 5.844 Thread 0x000001f83f9c4cd0 Uncommon trap: reason=unstable_if action=reinterpret pc=0x000001f84c784644 method=java.util.zip.ZipFile$Source.checkAndAddEntry(II)I @ 50 c2
Event: 5.844 Thread 0x000001f83f9c4cd0 DEOPT PACKING pc=0x000001f84c784644 sp=0x0000005241ffdd00
Event: 5.844 Thread 0x000001f83f9c4cd0 DEOPT UNPACKING pc=0x000001f84c2146a2 sp=0x0000005241ffdc70 mode 2
Event: 6.049 Thread 0x000001f83f9c4cd0 Uncommon trap: trap_request=0xffffff45 fr.pc=0x000001f84c7891c0 relative=0x0000000000000180
Event: 6.049 Thread 0x000001f83f9c4cd0 Uncommon trap: reason=unstable_if action=reinterpret pc=0x000001f84c7891c0 method=java.util.zip.ZipFile$Source.isMetaName([BII)Z @ 43 c2
Event: 6.049 Thread 0x000001f83f9c4cd0 DEOPT PACKING pc=0x000001f84c7891c0 sp=0x0000005241ffdd40
Event: 6.049 Thread 0x000001f83f9c4cd0 DEOPT UNPACKING pc=0x000001f84c2146a2 sp=0x0000005241ffdcd0 mode 2

Classes loaded (20 events):
Event: 6.382 Loading class java/lang/Class$3 done
Event: 6.382 Loading class sun/reflect/annotation/AnnotationParser
Event: 6.384 Loading class sun/reflect/annotation/AnnotationParser done
Event: 6.388 Loading class java/util/Spliterators$1Adapter
Event: 6.388 Loading class java/util/function/Consumer
Event: 6.388 Loading class java/util/function/Consumer done
Event: 6.388 Loading class java/util/Spliterators$1Adapter done
Event: 6.389 Loading class java/util/ServiceLoader$LazyClassPathLookupIterator
Event: 6.390 Loading class java/util/ServiceLoader$LazyClassPathLookupIterator done
Event: 6.390 Loading class java/util/ServiceLoader$2
Event: 6.390 Loading class java/util/ServiceLoader$2 done
Event: 6.390 Loading class java/util/ServiceLoader$3
Event: 6.390 Loading class java/util/ServiceLoader$3 done
Event: 6.391 Loading class java/util/Collections$EmptyEnumeration
Event: 6.391 Loading class java/util/Collections$EmptyEnumeration done
Event: 6.392 Loading class jdk/internal/loader/BuiltinClassLoader$1
Event: 6.392 Loading class jdk/internal/loader/BuiltinClassLoader$1 done
Event: 6.393 Loading class java/lang/CompoundEnumeration
Event: 6.393 Loading class java/lang/CompoundEnumeration done
Event: 6.393 Loading class jdk/internal/loader/URLClassPath$1

Classes unloaded (0 events):
No events

Classes redefined (0 events):
No events

Internal exceptions (6 events):
Event: 2.801 Thread 0x000001f83f9c4cd0 Exception <a 'java/lang/NoSuchMethodError'{0x00000000c53f0240}: 'void java.lang.invoke.DirectMethodHandle$Holder.invokeStatic(java.lang.Object, java.lang.Object)'> (0x00000000c53f0240) 
thrown [s\src\hotspot\share\interpreter\linkResolver.cpp, line 784]
Event: 2.806 Thread 0x000001f83f9c4cd0 Exception <a 'java/lang/NoSuchMethodError'{0x00000000c53f3d08}: 'void java.lang.invoke.DirectMethodHandle$Holder.invokeSpecial(java.lang.Object, java.lang.Object, java.lang.Object)'> (0x00000000c53f3d08) 
thrown [s\src\hotspot\share\interpreter\linkResolver.cpp, line 784]
Event: 2.899 Thread 0x000001f83f9c4cd0 Exception <a 'java/lang/NoSuchMethodError'{0x00000000c524d640}: 'int java.lang.invoke.DirectMethodHandle$Holder.invokeStaticInit(java.lang.Object, java.lang.Object)'> (0x00000000c524d640) 
thrown [s\src\hotspot\share\interpreter\linkResolver.cpp, line 784]
Event: 6.299 Thread 0x000001f83f9c4cd0 Exception <a 'java/lang/OutOfMemoryError'{0x00000000c4d71a48}> (0x00000000c4d71a48) 
thrown [s\src\hotspot\share\prims\jni.cpp, line 563]
Event: 6.328 Thread 0x000001f83f9c4cd0 Exception <a 'java/lang/NoClassDefFoundError'{0x00000000c4d935d8}: org/slf4j/LoggerFactory> (0x00000000c4d935d8) 
thrown [s\src\hotspot\share\classfile\systemDictionary.cpp, line 301]
Event: 6.334 Thread 0x000001f83f9c4cd0 Exception <a 'java/lang/NoClassDefFoundError'{0x00000000c4d935d8}> (0x00000000c4d935d8) 
thrown [s\src\hotspot\share\oops\instanceKlass.cpp, line 1234]

ZGC Phase Switch (0 events):
No events

VM Operations (12 events):
Event: 0.573 Executing VM operation: HandshakeAllThreads (Deoptimize)
Event: 0.573 Executing VM operation: HandshakeAllThreads (Deoptimize) done
Event: 1.585 Executing VM operation: Cleanup
Event: 1.586 Executing VM operation: Cleanup done
Event: 2.595 Executing VM operation: Cleanup
Event: 2.595 Executing VM operation: Cleanup done
Event: 3.595 Executing VM operation: Cleanup
Event: 3.595 Executing VM operation: Cleanup done
Event: 4.610 Executing VM operation: Cleanup
Event: 4.610 Executing VM operation: Cleanup done
Event: 5.221 Executing VM operation: G1CollectForAllocation (G1 Evacuation Pause)
Event: 5.447 Executing VM operation: G1CollectForAllocation (G1 Evacuation Pause) done

Memory protections (0 events):
No events

Nmethod flushes (0 events):
No events

Events (15 events):
Event: 0.022 Thread 0x000001f83f9c4cd0 Thread added: 0x000001f83f9c4cd0
Event: 0.177 Thread 0x000001f83f9c4cd0 Thread added: 0x000001f8577b0480
Event: 0.177 Thread 0x000001f83f9c4cd0 Thread added: 0x000001f85754fd00
Event: 0.181 Thread 0x000001f83f9c4cd0 Thread added: 0x000001f85755ab40
Event: 0.181 Thread 0x000001f83f9c4cd0 Thread added: 0x000001f85755b590
Event: 0.181 Thread 0x000001f83f9c4cd0 Thread added: 0x000001f85755bfe0
Event: 0.181 Thread 0x000001f83f9c4cd0 Thread added: 0x000001f85755ca30
Event: 0.181 Thread 0x000001f83f9c4cd0 Thread added: 0x000001f85755d7b0
Event: 0.183 Thread 0x000001f83f9c4cd0 Thread added: 0x000001f857566a10
Event: 0.292 Thread 0x000001f83f9c4cd0 Thread added: 0x000001f857945290
Event: 0.412 Thread 0x000001f83f9c4cd0 Thread added: 0x000001f85796b950
Event: 0.479 Loaded shared library D:\Android studio\jbr\bin\net.dll
Event: 0.490 Loaded shared library D:\Android studio\jbr\bin\nio.dll
Event: 0.546 Loaded shared library D:\Android studio\jbr\bin\zip.dll
Event: 1.150 Loaded shared library D:\Android studio\jbr\bin\jimage.dll


Dynamic libraries:
0x00007ff6c3940000 - 0x00007ff6c394a000 	D:\Android studio\jbr\bin\java.exe
0x00007ffb73830000 - 0x00007ffb73a28000 	C:\Windows\SYSTEM32\ntdll.dll
0x00007ffb71e00000 - 0x00007ffb71ec2000 	C:\Windows\System32\KERNEL32.DLL
0x00007ffb70ed0000 - 0x00007ffb711c6000 	C:\Windows\System32\KERNELBASE.dll
0x00007ffb71290000 - 0x00007ffb71390000 	C:\Windows\System32\ucrtbase.dll
0x00007ffb603c0000 - 0x00007ffb603d8000 	D:\Android studio\jbr\bin\jli.dll
0x00007ffb58f00000 - 0x00007ffb58f1b000 	D:\Android studio\jbr\bin\VCRUNTIME140.dll
0x00007ffb73640000 - 0x00007ffb737dd000 	C:\Windows\System32\USER32.dll
0x00007ffb71830000 - 0x00007ffb71852000 	C:\Windows\System32\win32u.dll
0x00007ffb72ac0000 - 0x00007ffb72aeb000 	C:\Windows\System32\GDI32.dll
0x00007ffb60790000 - 0x00007ffb60a2a000 	C:\Windows\WinSxS\amd64_microsoft.windows.common-controls_6595b64144ccf1df_6.0.19041.5794_none_60bcd33171f2783c\COMCTL32.dll
0x00007ffb71860000 - 0x00007ffb718fe000 	C:\Windows\System32\msvcrt.dll
0x00007ffb71690000 - 0x00007ffb717aa000 	C:\Windows\System32\gdi32full.dll
0x00007ffb713e0000 - 0x00007ffb7147d000 	C:\Windows\System32\msvcp_win.dll
0x00007ffb71ed0000 - 0x00007ffb71eff000 	C:\Windows\System32\IMM32.DLL
0x00007ffb5fb00000 - 0x00007ffb5fb0c000 	D:\Android studio\jbr\bin\vcruntime140_1.dll
0x00007ffb3c4e0000 - 0x00007ffb3c56d000 	D:\Android studio\jbr\bin\msvcp140.dll
0x00007ffb246d0000 - 0x00007ffb2535a000 	D:\Android studio\jbr\bin\server\jvm.dll
0x00007ffb72d20000 - 0x00007ffb72dcf000 	C:\Windows\System32\ADVAPI32.dll
0x00007ffb72190000 - 0x00007ffb7222f000 	C:\Windows\System32\sechost.dll
0x00007ffb71fb0000 - 0x00007ffb720d3000 	C:\Windows\System32\RPCRT4.dll
0x00007ffb71260000 - 0x00007ffb71287000 	C:\Windows\System32\bcrypt.dll
0x00007ffb72c30000 - 0x00007ffb72c9b000 	C:\Windows\System32\WS2_32.dll
0x00007ffb70410000 - 0x00007ffb7045b000 	C:\Windows\SYSTEM32\POWRPROF.dll
0x00007ffb568a0000 - 0x00007ffb568c7000 	C:\Windows\SYSTEM32\WINMM.dll
0x00007ffb67d50000 - 0x00007ffb67d5a000 	C:\Windows\SYSTEM32\VERSION.dll
0x00007ffb702d0000 - 0x00007ffb702e2000 	C:\Windows\SYSTEM32\UMPDC.dll
0x00007ffb6ed50000 - 0x00007ffb6ed62000 	C:\Windows\SYSTEM32\kernel.appcore.dll
0x00007ffb5ac40000 - 0x00007ffb5ac4a000 	D:\Android studio\jbr\bin\jimage.dll
0x00007ffb5f7d0000 - 0x00007ffb5f9d1000 	C:\Windows\SYSTEM32\DBGHELP.DLL
0x00007ffb59ac0000 - 0x00007ffb59af4000 	C:\Windows\SYSTEM32\dbgcore.DLL
0x00007ffb711d0000 - 0x00007ffb71252000 	C:\Windows\System32\bcryptPrimitives.dll
0x00007ffb58ee0000 - 0x00007ffb58f00000 	D:\Android studio\jbr\bin\java.dll
0x00007ffb58ec0000 - 0x00007ffb58ed8000 	D:\Android studio\jbr\bin\zip.dll
0x00007ffb72350000 - 0x00007ffb72abe000 	C:\Windows\System32\SHELL32.dll
0x00007ffb6ef50000 - 0x00007ffb6f6f3000 	C:\Windows\SYSTEM32\windows.storage.dll
0x00007ffb71aa0000 - 0x00007ffb71df3000 	C:\Windows\System32\combase.dll
0x00007ffb70900000 - 0x00007ffb7092b000 	C:\Windows\SYSTEM32\Wldp.dll
0x00007ffb73080000 - 0x00007ffb7314d000 	C:\Windows\System32\OLEAUT32.dll
0x00007ffb71f00000 - 0x00007ffb71fad000 	C:\Windows\System32\SHCORE.dll
0x00007ffb73170000 - 0x00007ffb731c5000 	C:\Windows\System32\shlwapi.dll
0x00007ffb70e00000 - 0x00007ffb70e25000 	C:\Windows\SYSTEM32\profapi.dll
0x00007ffb5a7a0000 - 0x00007ffb5a7b0000 	D:\Android studio\jbr\bin\net.dll
0x00007ffb691c0000 - 0x00007ffb692ca000 	C:\Windows\SYSTEM32\WINHTTP.dll
0x00007ffb70660000 - 0x00007ffb706cc000 	C:\Windows\system32\mswsock.dll
0x00007ffb58ea0000 - 0x00007ffb58eb6000 	D:\Android studio\jbr\bin\nio.dll
0x00007ffb63810000 - 0x00007ffb63820000 	D:\Android studio\jbr\bin\verify.dll

dbghelp: loaded successfully - version: 4.0.5 - missing functions: none
symbol engine: initialized successfully - sym options: 0x614 - pdb path: .;D:\Android studio\jbr\bin;C:\Windows\SYSTEM32;C:\Windows\WinSxS\amd64_microsoft.windows.common-controls_6595b64144ccf1df_6.0.19041.5794_none_60bcd33171f2783c;D:\Android studio\jbr\bin\server

VM Arguments:
jvm_args: -Dorg.gradle.appname=gradlew 
java_command: org.gradle.wrapper.GradleWrapperMain -q -Ptarget-platform=android-arm64 -Ptarget=D:\Documents\Projects\foodtek\lib\main.dart -Pbase-application-name=android.app.Application -Pdart-defines=Zmx1dHRlci5pbnNwZWN0b3Iuc3RydWN0dXJlZEVycm9ycz10cnVl -Pdart-obfuscation=false -Ptrack-widget-creation=true -Ptree-shake-icons=false -Pfilesystem-scheme=org-dartlang-root assembleDebug
java_class_path (initial): D:\Documents\Projects\foodtek\android\\gradle\wrapper\gradle-wrapper.jar
Launcher Type: SUN_STANDARD

[Global flags]
     intx CICompilerCount                          = 3                                         {product} {ergonomic}
     uint ConcGCThreads                            = 1                                         {product} {ergonomic}
     uint G1ConcRefinementThreads                  = 4                                         {product} {ergonomic}
   size_t G1HeapRegionSize                         = 1048576                                   {product} {ergonomic}
    uintx GCDrainStackTargetSize                   = 64                                        {product} {ergonomic}
   size_t InitialHeapSize                          = 67108864                                  {product} {ergonomic}
   size_t MarkStackSize                            = 4194304                                   {product} {ergonomic}
   size_t MaxHeapSize                              = 1050673152                                {product} {ergonomic}
   size_t MaxNewSize                               = 630194176                                 {product} {ergonomic}
   size_t MinHeapDeltaBytes                        = 1048576                                   {product} {ergonomic}
   size_t MinHeapSize                              = 8388608                                   {product} {ergonomic}
    uintx NonNMethodCodeHeapSize                   = 5832780                                {pd product} {ergonomic}
    uintx NonProfiledCodeHeapSize                  = 122912730                              {pd product} {ergonomic}
    uintx ProfiledCodeHeapSize                     = 122912730                              {pd product} {ergonomic}
    uintx ReservedCodeCacheSize                    = 251658240                              {pd product} {ergonomic}
     bool SegmentedCodeCache                       = true                                      {product} {ergonomic}
   size_t SoftMaxHeapSize                          = 1050673152                             {manageable} {ergonomic}
     bool UseCompressedOops                        = true                           {product lp64_product} {ergonomic}
     bool UseG1GC                                  = true                                      {product} {ergonomic}
     bool UseLargePagesIndividualAllocation        = false                                  {pd product} {ergonomic}

Logging:
Log output configuration:
 #0: stdout all=warning uptime,level,tags foldmultilines=false
 #1: stderr all=off uptime,level,tags foldmultilines=false

Environment Variables:
JAVA_HOME=D:\Android studio\jbr
CLASSPATH=D:\Documents\Projects\foodtek\android\\gradle\wrapper\gradle-wrapper.jar
PATH=D:\Android studio\jbr\bin;C:\Windows\system32;C:\Windows;C:\Windows\System32\Wbem;C:\Windows\System32\WindowsPowerShell\v1.0\;C:\Windows\System32\OpenSSH\;C:\Program Files\Microsoft SQL Server\150\Tools\Binn\;C:\Program Files\Microsoft SQL Server\Client SDK\ODBC\170\Tools\Binn\;C:\Program Files (x86)\Microsoft SQL Server\160\Tools\Binn\;C:\Program Files\Microsoft SQL Server\160\Tools\Binn\;C:\Program Files\Microsoft SQL Server\160\DTS\Binn\;C:\Program Files (x86)\Microsoft SQL Server\160\DTS\Binn\;C:\Program Files (x86)\Git\cmd;C:\src\flutter\bin;C:\Users\user\AppData\Local\Pub\Cache\bin;C:\Program Files\Java\jdk-17\bin;C:\Users\user\AppData\Local\Microsoft\WindowsApps;C:\Users\user\AppData\Local\Programs\Microsoft VS Code\bin;C:\Program Files\Java\jdk-23\bin;C:\Users\user\AppData\Local\Pub\Cache\bin;C:\dart;C:\src\flutter\bin;C:\src\flutter\bin\mingit\cmd
USERNAME=user
OS=Windows_NT
PROCESSOR_IDENTIFIER=Intel64 Family 6 Model 69 Stepping 1, GenuineIntel
TMP=C:\Users\user\AppData\Local\Temp
TEMP=C:\Users\user\AppData\Local\Temp




Periodic native trim disabled

JNI global refs:
JNI global refs: 8, weak refs: 0

JNI global refs memory usage: 835, weak refs: 833

Process memory usage:
Resident Set Size: 60060K (1% of 4096176K total physical memory with 197036K free physical memory)

OOME stack traces (most recent first):
Classloader memory used:
Loader bootstrap                                                                       : 8620K
Loader java.net.URLClassLoader                                                         : 271K
Loader jdk.internal.loader.ClassLoaders$AppClassLoader                                 : 146K

---------------  S Y S T E M  ---------------

OS:
 Windows 10 , 64 bit Build 19041 (10.0.19041.5794)
OS uptime: 0 days 21:36 hours

CPU: total 4 (initial active 4) (2 cores per cpu, 2 threads per core) family 6 model 69 stepping 1 microcode 0x25, cx8, cmov, fxsr, ht, mmx, sse, sse2, sse3, ssse3, sse4.1, sse4.2, popcnt, lzcnt, tsc, tscinvbit, avx, avx2, aes, erms, clmul, bmi1, bmi2, fma, vzeroupper, clflush, rdtscp, f16c
Processor Information for all 4 processors :
  Max Mhz: 1700, Current Mhz: 1700, Mhz Limit: 1700

Memory: 4k page, system-wide physical 4000M (192M free)
TotalPageFile size 16288M (AvailPageFile size 0M)
current process WorkingSet (physical memory assigned to process): 58M, peak: 58M
current process commit charge ("private bytes"): 140M, peak: 141M

vm_info: OpenJDK 64-Bit Server VM (21.0.5+-13047016-b750.29) for windows-amd64 JRE (21.0.5+-13047016-b750.29), built on 2025-02-11T21:12:39Z by "builder" with MS VC++ 16.10 / 16.11 (VS2019)

END.
